<?xml version="1.0" encoding="utf-8"?>
<coverage line-rate="0.557" branch-rate="0.16210000000000002" version="1.9" timestamp="1752954283" lines-covered="420" lines-valid="754" branches-covered="107" branches-valid="660">
  <sources>
    <source>/home/henning/Workbench/MCP/MCP.Server/</source>
  </sources>
  <packages>
    <package name="MCP.Server" line-rate="0.557" branch-rate="0.16210000000000002" complexity="770">
      <classes>
        <class name="MCP.Server.Program/&lt;&gt;c" filename="Program.cs" line-rate="0" branch-rate="1" complexity="1">
          <methods>
            <method name="&lt;Main&gt;b__0_0" signature="(Microsoft.Extensions.Logging.Console.ConsoleLoggerOptions)" line-rate="0" branch-rate="1" complexity="1">
              <lines>
                <line number="19" hits="0" branch="False" />
                <line number="21" hits="0" branch="False" />
                <line number="22" hits="0" branch="False" />
              </lines>
            </method>
          </methods>
          <lines>
            <line number="19" hits="0" branch="False" />
            <line number="21" hits="0" branch="False" />
            <line number="22" hits="0" branch="False" />
          </lines>
        </class>
        <class name="MCP.Server.Program/&lt;Main&gt;d__0" filename="Program.cs" line-rate="0" branch-rate="1" complexity="1">
          <methods>
            <method name="MoveNext" signature="()" line-rate="0" branch-rate="1" complexity="1">
              <lines>
                <line number="12" hits="0" branch="False" />
                <line number="14" hits="0" branch="False" />
                <line number="17" hits="0" branch="False" />
                <line number="18" hits="0" branch="False" />
                <line number="20" hits="0" branch="False" />
                <line number="25" hits="0" branch="False" />
                <line number="28" hits="0" branch="False" />
                <line number="29" hits="0" branch="False" />
                <line number="30" hits="0" branch="False" />
                <line number="31" hits="0" branch="False" />
                <line number="34" hits="0" branch="False" />
                <line number="36" hits="0" branch="False" />
                <line number="37" hits="0" branch="False" />
              </lines>
            </method>
          </methods>
          <lines>
            <line number="12" hits="0" branch="False" />
            <line number="14" hits="0" branch="False" />
            <line number="17" hits="0" branch="False" />
            <line number="18" hits="0" branch="False" />
            <line number="20" hits="0" branch="False" />
            <line number="25" hits="0" branch="False" />
            <line number="28" hits="0" branch="False" />
            <line number="29" hits="0" branch="False" />
            <line number="30" hits="0" branch="False" />
            <line number="31" hits="0" branch="False" />
            <line number="34" hits="0" branch="False" />
            <line number="36" hits="0" branch="False" />
            <line number="37" hits="0" branch="False" />
          </lines>
        </class>
        <class name="MCP.Server.Services.DotNetAnalysisTools" filename="Services/McpServerService.cs" line-rate="0.925" branch-rate="0.8695" complexity="24">
          <methods>
            <method name="GetSuggestionCategories" signature="()" line-rate="0.9285" branch-rate="1" complexity="1">
              <lines>
                <line number="282" hits="2" branch="False" />
                <line number="284" hits="2" branch="False" />
                <line number="285" hits="2" branch="False" />
                <line number="286" hits="22" branch="False" />
                <line number="287" hits="22" branch="False" />
                <line number="288" hits="22" branch="False" />
                <line number="289" hits="22" branch="False" />
                <line number="290" hits="22" branch="False" />
                <line number="291" hits="2" branch="False" />
                <line number="293" hits="2" branch="False" />
                <line number="294" hits="8" branch="False" />
                <line number="295" hits="8" branch="False" />
                <line number="296" hits="8" branch="False" />
                <line number="297" hits="8" branch="False" />
                <line number="298" hits="8" branch="False" />
                <line number="299" hits="2" branch="False" />
                <line number="301" hits="2" branch="False" />
                <line number="302" hits="10" branch="False" />
                <line number="303" hits="10" branch="False" />
                <line number="304" hits="10" branch="False" />
                <line number="305" hits="10" branch="False" />
                <line number="306" hits="10" branch="False" />
                <line number="307" hits="2" branch="False" />
                <line number="309" hits="2" branch="False" />
                <line number="310" hits="2" branch="False" />
                <line number="311" hits="2" branch="False" />
                <line number="312" hits="2" branch="False" />
                <line number="313" hits="2" branch="False" />
                <line number="314" hits="2" branch="False" />
                <line number="315" hits="2" branch="False" />
                <line number="316" hits="2" branch="False" />
                <line number="317" hits="2" branch="False" />
                <line number="318" hits="2" branch="False" />
                <line number="319" hits="2" branch="False" />
                <line number="320" hits="2" branch="False" />
                <line number="321" hits="2" branch="False" />
                <line number="322" hits="2" branch="False" />
                <line number="324" hits="2" branch="False" />
                <line number="326" hits="0" branch="False" />
                <line number="327" hits="0" branch="False" />
                <line number="328" hits="0" branch="False" />
                <line number="330" hits="2" branch="False" />
              </lines>
            </method>
            <method name="GetCategoryDescription" signature="(MCP.Server.Models.SuggestionCategory)" line-rate="0.9411" branch-rate="0.9166" complexity="12">
              <lines>
                <line number="333" hits="22" branch="False" />
                <line number="334" hits="22" branch="True" condition-coverage="91.66% (11/12)">
                  <conditions>
                    <condition number="6" type="switch" coverage="91.66%" />
                  </conditions>
                </line>
                <line number="335" hits="22" branch="False" />
                <line number="336" hits="2" branch="False" />
                <line number="337" hits="2" branch="False" />
                <line number="338" hits="2" branch="False" />
                <line number="339" hits="2" branch="False" />
                <line number="340" hits="2" branch="False" />
                <line number="341" hits="2" branch="False" />
                <line number="342" hits="2" branch="False" />
                <line number="343" hits="2" branch="False" />
                <line number="344" hits="2" branch="False" />
                <line number="345" hits="2" branch="False" />
                <line number="346" hits="2" branch="False" />
                <line number="347" hits="0" branch="False" />
                <line number="348" hits="22" branch="False" />
                <line number="349" hits="22" branch="False" />
              </lines>
            </method>
            <method name="GetPriorityDescription" signature="(MCP.Server.Models.SuggestionPriority)" line-rate="0.9" branch-rate="0.8" complexity="5">
              <lines>
                <line number="352" hits="8" branch="False" />
                <line number="353" hits="8" branch="True" condition-coverage="80% (4/5)">
                  <conditions>
                    <condition number="6" type="switch" coverage="80%" />
                  </conditions>
                </line>
                <line number="354" hits="8" branch="False" />
                <line number="355" hits="2" branch="False" />
                <line number="356" hits="2" branch="False" />
                <line number="357" hits="2" branch="False" />
                <line number="358" hits="2" branch="False" />
                <line number="359" hits="0" branch="False" />
                <line number="360" hits="8" branch="False" />
                <line number="361" hits="8" branch="False" />
              </lines>
            </method>
            <method name="GetImpactDescription" signature="(MCP.Server.Models.SuggestionImpact)" line-rate="0.909" branch-rate="0.8332999999999999" complexity="6">
              <lines>
                <line number="364" hits="10" branch="False" />
                <line number="365" hits="10" branch="True" condition-coverage="83.33% (5/6)">
                  <conditions>
                    <condition number="6" type="switch" coverage="83.33%" />
                  </conditions>
                </line>
                <line number="366" hits="10" branch="False" />
                <line number="367" hits="2" branch="False" />
                <line number="368" hits="2" branch="False" />
                <line number="369" hits="2" branch="False" />
                <line number="370" hits="2" branch="False" />
                <line number="371" hits="2" branch="False" />
                <line number="372" hits="0" branch="False" />
                <line number="373" hits="10" branch="False" />
                <line number="374" hits="10" branch="False" />
              </lines>
            </method>
          </methods>
          <lines>
            <line number="282" hits="2" branch="False" />
            <line number="284" hits="2" branch="False" />
            <line number="285" hits="2" branch="False" />
            <line number="286" hits="22" branch="False" />
            <line number="287" hits="22" branch="False" />
            <line number="288" hits="22" branch="False" />
            <line number="289" hits="22" branch="False" />
            <line number="290" hits="22" branch="False" />
            <line number="291" hits="2" branch="False" />
            <line number="293" hits="2" branch="False" />
            <line number="294" hits="8" branch="False" />
            <line number="295" hits="8" branch="False" />
            <line number="296" hits="8" branch="False" />
            <line number="297" hits="8" branch="False" />
            <line number="298" hits="8" branch="False" />
            <line number="299" hits="2" branch="False" />
            <line number="301" hits="2" branch="False" />
            <line number="302" hits="10" branch="False" />
            <line number="303" hits="10" branch="False" />
            <line number="304" hits="10" branch="False" />
            <line number="305" hits="10" branch="False" />
            <line number="306" hits="10" branch="False" />
            <line number="307" hits="2" branch="False" />
            <line number="309" hits="2" branch="False" />
            <line number="310" hits="2" branch="False" />
            <line number="311" hits="2" branch="False" />
            <line number="312" hits="2" branch="False" />
            <line number="313" hits="2" branch="False" />
            <line number="314" hits="2" branch="False" />
            <line number="315" hits="2" branch="False" />
            <line number="316" hits="2" branch="False" />
            <line number="317" hits="2" branch="False" />
            <line number="318" hits="2" branch="False" />
            <line number="319" hits="2" branch="False" />
            <line number="320" hits="2" branch="False" />
            <line number="321" hits="2" branch="False" />
            <line number="322" hits="2" branch="False" />
            <line number="324" hits="2" branch="False" />
            <line number="326" hits="0" branch="False" />
            <line number="327" hits="0" branch="False" />
            <line number="328" hits="0" branch="False" />
            <line number="330" hits="2" branch="False" />
            <line number="333" hits="22" branch="False" />
            <line number="334" hits="22" branch="True" condition-coverage="91.66% (11/12)">
              <conditions>
                <condition number="6" type="switch" coverage="91.66%" />
              </conditions>
            </line>
            <line number="335" hits="22" branch="False" />
            <line number="336" hits="2" branch="False" />
            <line number="337" hits="2" branch="False" />
            <line number="338" hits="2" branch="False" />
            <line number="339" hits="2" branch="False" />
            <line number="340" hits="2" branch="False" />
            <line number="341" hits="2" branch="False" />
            <line number="342" hits="2" branch="False" />
            <line number="343" hits="2" branch="False" />
            <line number="344" hits="2" branch="False" />
            <line number="345" hits="2" branch="False" />
            <line number="346" hits="2" branch="False" />
            <line number="347" hits="0" branch="False" />
            <line number="348" hits="22" branch="False" />
            <line number="349" hits="22" branch="False" />
            <line number="352" hits="8" branch="False" />
            <line number="353" hits="8" branch="True" condition-coverage="80% (4/5)">
              <conditions>
                <condition number="6" type="switch" coverage="80%" />
              </conditions>
            </line>
            <line number="354" hits="8" branch="False" />
            <line number="355" hits="2" branch="False" />
            <line number="356" hits="2" branch="False" />
            <line number="357" hits="2" branch="False" />
            <line number="358" hits="2" branch="False" />
            <line number="359" hits="0" branch="False" />
            <line number="360" hits="8" branch="False" />
            <line number="361" hits="8" branch="False" />
            <line number="364" hits="10" branch="False" />
            <line number="365" hits="10" branch="True" condition-coverage="83.33% (5/6)">
              <conditions>
                <condition number="6" type="switch" coverage="83.33%" />
              </conditions>
            </line>
            <line number="366" hits="10" branch="False" />
            <line number="367" hits="2" branch="False" />
            <line number="368" hits="2" branch="False" />
            <line number="369" hits="2" branch="False" />
            <line number="370" hits="2" branch="False" />
            <line number="371" hits="2" branch="False" />
            <line number="372" hits="0" branch="False" />
            <line number="373" hits="10" branch="False" />
            <line number="374" hits="10" branch="False" />
          </lines>
        </class>
        <class name="MCP.Server.Services.DotNetAnalysisTools/&lt;&gt;c" filename="Services/McpServerService.cs" line-rate="0.0697" branch-rate="1" complexity="7">
          <methods>
            <method name="&lt;GetCompilationErrors&gt;b__1_0" signature="(MCP.Server.Models.CompilationError)" line-rate="1" branch-rate="1" complexity="1">
              <lines>
                <line number="50" hits="876" branch="False" />
              </lines>
            </method>
            <method name="&lt;GetCompilationErrors&gt;b__1_1" signature="(MCP.Server.Models.CompilationError)" line-rate="1" branch-rate="1" complexity="1">
              <lines>
                <line number="51" hits="876" branch="False" />
              </lines>
            </method>
            <method name="&lt;AnalyzeFile&gt;b__3_0" signature="(MCP.Server.Models.CompilationError)" line-rate="0" branch-rate="1" complexity="1">
              <lines>
                <line number="97" hits="0" branch="False" />
              </lines>
            </method>
            <method name="&lt;AnalyzeFile&gt;b__3_1" signature="(MCP.Server.Models.CompilationError)" line-rate="0" branch-rate="1" complexity="1">
              <lines>
                <line number="98" hits="0" branch="False" />
              </lines>
            </method>
            <method name="&lt;GetCodeSuggestions&gt;b__4_0" signature="(MCP.Server.Models.SuggestionCategory)" line-rate="1" branch-rate="1" complexity="1">
              <lines>
                <line number="166" hits="14" branch="False" />
              </lines>
            </method>
            <method name="&lt;GetCodeSuggestions&gt;b__4_1" signature="(MCP.Server.Models.CodeSuggestion)" line-rate="0" branch-rate="1" complexity="1">
              <lines>
                <line number="168" hits="0" branch="False" />
                <line number="169" hits="0" branch="False" />
                <line number="170" hits="0" branch="False" />
                <line number="171" hits="0" branch="False" />
                <line number="172" hits="0" branch="False" />
                <line number="173" hits="0" branch="False" />
                <line number="174" hits="0" branch="False" />
                <line number="175" hits="0" branch="False" />
                <line number="176" hits="0" branch="False" />
                <line number="177" hits="0" branch="False" />
                <line number="178" hits="0" branch="False" />
                <line number="179" hits="0" branch="False" />
                <line number="180" hits="0" branch="False" />
                <line number="181" hits="0" branch="False" />
                <line number="182" hits="0" branch="False" />
                <line number="183" hits="0" branch="False" />
                <line number="184" hits="0" branch="False" />
                <line number="185" hits="0" branch="False" />
                <line number="186" hits="0" branch="False" />
                <line number="187" hits="0" branch="False" />
              </lines>
            </method>
            <method name="&lt;GetFileSuggestions&gt;b__5_0" signature="(MCP.Server.Models.CodeSuggestion)" line-rate="0" branch-rate="1" complexity="1">
              <lines>
                <line number="249" hits="0" branch="False" />
                <line number="250" hits="0" branch="False" />
                <line number="251" hits="0" branch="False" />
                <line number="252" hits="0" branch="False" />
                <line number="253" hits="0" branch="False" />
                <line number="254" hits="0" branch="False" />
                <line number="255" hits="0" branch="False" />
                <line number="256" hits="0" branch="False" />
                <line number="257" hits="0" branch="False" />
                <line number="258" hits="0" branch="False" />
                <line number="259" hits="0" branch="False" />
                <line number="260" hits="0" branch="False" />
                <line number="261" hits="0" branch="False" />
                <line number="262" hits="0" branch="False" />
                <line number="263" hits="0" branch="False" />
                <line number="264" hits="0" branch="False" />
                <line number="265" hits="0" branch="False" />
                <line number="266" hits="0" branch="False" />
              </lines>
            </method>
          </methods>
          <lines>
            <line number="50" hits="876" branch="False" />
            <line number="51" hits="876" branch="False" />
            <line number="97" hits="0" branch="False" />
            <line number="98" hits="0" branch="False" />
            <line number="166" hits="14" branch="False" />
            <line number="168" hits="0" branch="False" />
            <line number="169" hits="0" branch="False" />
            <line number="170" hits="0" branch="False" />
            <line number="171" hits="0" branch="False" />
            <line number="172" hits="0" branch="False" />
            <line number="173" hits="0" branch="False" />
            <line number="174" hits="0" branch="False" />
            <line number="175" hits="0" branch="False" />
            <line number="176" hits="0" branch="False" />
            <line number="177" hits="0" branch="False" />
            <line number="178" hits="0" branch="False" />
            <line number="179" hits="0" branch="False" />
            <line number="180" hits="0" branch="False" />
            <line number="181" hits="0" branch="False" />
            <line number="182" hits="0" branch="False" />
            <line number="183" hits="0" branch="False" />
            <line number="184" hits="0" branch="False" />
            <line number="185" hits="0" branch="False" />
            <line number="186" hits="0" branch="False" />
            <line number="187" hits="0" branch="False" />
            <line number="249" hits="0" branch="False" />
            <line number="250" hits="0" branch="False" />
            <line number="251" hits="0" branch="False" />
            <line number="252" hits="0" branch="False" />
            <line number="253" hits="0" branch="False" />
            <line number="254" hits="0" branch="False" />
            <line number="255" hits="0" branch="False" />
            <line number="256" hits="0" branch="False" />
            <line number="257" hits="0" branch="False" />
            <line number="258" hits="0" branch="False" />
            <line number="259" hits="0" branch="False" />
            <line number="260" hits="0" branch="False" />
            <line number="261" hits="0" branch="False" />
            <line number="262" hits="0" branch="False" />
            <line number="263" hits="0" branch="False" />
            <line number="264" hits="0" branch="False" />
            <line number="265" hits="0" branch="False" />
            <line number="266" hits="0" branch="False" />
          </lines>
        </class>
        <class name="MCP.Server.Services.DotNetAnalysisTools/&lt;AnalyzeFile&gt;d__3" filename="Services/McpServerService.cs" line-rate="0.7333" branch-rate="1" complexity="1">
          <methods>
            <method name="MoveNext" signature="()" line-rate="0.7333" branch-rate="1" complexity="1">
              <lines>
                <line number="89" hits="2" branch="False" />
                <line number="91" hits="2" branch="False" />
                <line number="92" hits="2" branch="False" />
                <line number="93" hits="2" branch="False" />
                <line number="94" hits="2" branch="False" />
                <line number="95" hits="2" branch="False" />
                <line number="96" hits="2" branch="False" />
                <line number="99" hits="2" branch="False" />
                <line number="100" hits="2" branch="False" />
                <line number="101" hits="2" branch="False" />
                <line number="103" hits="0" branch="False" />
                <line number="104" hits="0" branch="False" />
                <line number="105" hits="0" branch="False" />
                <line number="106" hits="0" branch="False" />
                <line number="108" hits="2" branch="False" />
              </lines>
            </method>
          </methods>
          <lines>
            <line number="89" hits="2" branch="False" />
            <line number="91" hits="2" branch="False" />
            <line number="92" hits="2" branch="False" />
            <line number="93" hits="2" branch="False" />
            <line number="94" hits="2" branch="False" />
            <line number="95" hits="2" branch="False" />
            <line number="96" hits="2" branch="False" />
            <line number="99" hits="2" branch="False" />
            <line number="100" hits="2" branch="False" />
            <line number="101" hits="2" branch="False" />
            <line number="103" hits="0" branch="False" />
            <line number="104" hits="0" branch="False" />
            <line number="105" hits="0" branch="False" />
            <line number="106" hits="0" branch="False" />
            <line number="108" hits="2" branch="False" />
          </lines>
        </class>
        <class name="MCP.Server.Services.DotNetAnalysisTools/&lt;GetCodeSuggestions&gt;d__4" filename="Services/McpServerService.cs" line-rate="0.9229999999999999" branch-rate="1" complexity="10">
          <methods>
            <method name="MoveNext" signature="()" line-rate="0.9229999999999999" branch-rate="1" complexity="10">
              <lines>
                <line number="127" hits="3" branch="False" />
                <line number="129" hits="3" branch="False" />
                <line number="130" hits="3" branch="False" />
                <line number="131" hits="3" branch="False" />
                <line number="132" hits="3" branch="False" />
                <line number="133" hits="3" branch="False" />
                <line number="134" hits="3" branch="False" />
                <line number="135" hits="3" branch="False" />
                <line number="138" hits="3" branch="True" condition-coverage="100% (2/2)">
                  <conditions>
                    <condition number="93" type="jump" coverage="100%" />
                  </conditions>
                </line>
                <line number="139" hits="1" branch="False" />
                <line number="140" hits="1" branch="False" />
                <line number="141" hits="1" branch="False" />
                <line number="142" hits="7" branch="True" condition-coverage="100% (2/2)">
                  <conditions>
                    <condition number="266" type="jump" coverage="100%" />
                  </conditions>
                </line>
                <line number="143" hits="2" branch="False" />
                <line number="144" hits="2" branch="True" condition-coverage="100% (2/2)">
                  <conditions>
                    <condition number="203" type="jump" coverage="100%" />
                  </conditions>
                </line>
                <line number="145" hits="2" branch="False" />
                <line number="146" hits="2" branch="False" />
                <line number="147" hits="2" branch="False" />
                <line number="148" hits="2" branch="False" />
                <line number="149" hits="1" branch="False" />
                <line number="152" hits="3" branch="True" condition-coverage="100% (2/2)">
                  <conditions>
                    <condition number="301" type="jump" coverage="100%" />
                  </conditions>
                </line>
                <line number="153" hits="1" branch="False" />
                <line number="154" hits="1" branch="True" condition-coverage="100% (2/2)">
                  <conditions>
                    <condition number="331" type="jump" coverage="100%" />
                  </conditions>
                </line>
                <line number="155" hits="1" branch="False" />
                <line number="156" hits="1" branch="False" />
                <line number="157" hits="1" branch="False" />
                <line number="158" hits="1" branch="False" />
                <line number="160" hits="3" branch="False" />
                <line number="162" hits="3" branch="False" />
                <line number="163" hits="3" branch="False" />
                <line number="164" hits="3" branch="False" />
                <line number="165" hits="3" branch="False" />
                <line number="167" hits="3" branch="False" />
                <line number="188" hits="3" branch="False" />
                <line number="190" hits="3" branch="False" />
                <line number="192" hits="0" branch="False" />
                <line number="193" hits="0" branch="False" />
                <line number="194" hits="0" branch="False" />
                <line number="196" hits="3" branch="False" />
              </lines>
            </method>
          </methods>
          <lines>
            <line number="127" hits="3" branch="False" />
            <line number="129" hits="3" branch="False" />
            <line number="130" hits="3" branch="False" />
            <line number="131" hits="3" branch="False" />
            <line number="132" hits="3" branch="False" />
            <line number="133" hits="3" branch="False" />
            <line number="134" hits="3" branch="False" />
            <line number="135" hits="3" branch="False" />
            <line number="138" hits="3" branch="True" condition-coverage="100% (2/2)">
              <conditions>
                <condition number="93" type="jump" coverage="100%" />
              </conditions>
            </line>
            <line number="139" hits="1" branch="False" />
            <line number="140" hits="1" branch="False" />
            <line number="141" hits="1" branch="False" />
            <line number="142" hits="7" branch="True" condition-coverage="100% (2/2)">
              <conditions>
                <condition number="266" type="jump" coverage="100%" />
              </conditions>
            </line>
            <line number="143" hits="2" branch="False" />
            <line number="144" hits="2" branch="True" condition-coverage="100% (2/2)">
              <conditions>
                <condition number="203" type="jump" coverage="100%" />
              </conditions>
            </line>
            <line number="145" hits="2" branch="False" />
            <line number="146" hits="2" branch="False" />
            <line number="147" hits="2" branch="False" />
            <line number="148" hits="2" branch="False" />
            <line number="149" hits="1" branch="False" />
            <line number="152" hits="3" branch="True" condition-coverage="100% (2/2)">
              <conditions>
                <condition number="301" type="jump" coverage="100%" />
              </conditions>
            </line>
            <line number="153" hits="1" branch="False" />
            <line number="154" hits="1" branch="True" condition-coverage="100% (2/2)">
              <conditions>
                <condition number="331" type="jump" coverage="100%" />
              </conditions>
            </line>
            <line number="155" hits="1" branch="False" />
            <line number="156" hits="1" branch="False" />
            <line number="157" hits="1" branch="False" />
            <line number="158" hits="1" branch="False" />
            <line number="160" hits="3" branch="False" />
            <line number="162" hits="3" branch="False" />
            <line number="163" hits="3" branch="False" />
            <line number="164" hits="3" branch="False" />
            <line number="165" hits="3" branch="False" />
            <line number="167" hits="3" branch="False" />
            <line number="188" hits="3" branch="False" />
            <line number="190" hits="3" branch="False" />
            <line number="192" hits="0" branch="False" />
            <line number="193" hits="0" branch="False" />
            <line number="194" hits="0" branch="False" />
            <line number="196" hits="3" branch="False" />
          </lines>
        </class>
        <class name="MCP.Server.Services.DotNetAnalysisTools/&lt;GetCompilationErrors&gt;d__1" filename="Services/McpServerService.cs" line-rate="0.7142000000000001" branch-rate="1" complexity="1">
          <methods>
            <method name="MoveNext" signature="()" line-rate="0.7142000000000001" branch-rate="1" complexity="1">
              <lines>
                <line number="43" hits="2" branch="False" />
                <line number="45" hits="2" branch="False" />
                <line number="46" hits="2" branch="False" />
                <line number="47" hits="2" branch="False" />
                <line number="48" hits="2" branch="False" />
                <line number="49" hits="2" branch="False" />
                <line number="52" hits="2" branch="False" />
                <line number="53" hits="2" branch="False" />
                <line number="54" hits="2" branch="False" />
                <line number="56" hits="0" branch="False" />
                <line number="57" hits="0" branch="False" />
                <line number="58" hits="0" branch="False" />
                <line number="59" hits="0" branch="False" />
                <line number="61" hits="2" branch="False" />
              </lines>
            </method>
          </methods>
          <lines>
            <line number="43" hits="2" branch="False" />
            <line number="45" hits="2" branch="False" />
            <line number="46" hits="2" branch="False" />
            <line number="47" hits="2" branch="False" />
            <line number="48" hits="2" branch="False" />
            <line number="49" hits="2" branch="False" />
            <line number="52" hits="2" branch="False" />
            <line number="53" hits="2" branch="False" />
            <line number="54" hits="2" branch="False" />
            <line number="56" hits="0" branch="False" />
            <line number="57" hits="0" branch="False" />
            <line number="58" hits="0" branch="False" />
            <line number="59" hits="0" branch="False" />
            <line number="61" hits="2" branch="False" />
          </lines>
        </class>
        <class name="MCP.Server.Services.DotNetAnalysisTools/&lt;GetFileSuggestions&gt;d__5" filename="Services/McpServerService.cs" line-rate="0.9189" branch-rate="1" complexity="10">
          <methods>
            <method name="MoveNext" signature="()" line-rate="0.9189" branch-rate="1" complexity="10">
              <lines>
                <line number="211" hits="3" branch="False" />
                <line number="213" hits="3" branch="False" />
                <line number="214" hits="3" branch="False" />
                <line number="215" hits="3" branch="False" />
                <line number="216" hits="3" branch="False" />
                <line number="217" hits="3" branch="False" />
                <line number="220" hits="3" branch="True" condition-coverage="100% (2/2)">
                  <conditions>
                    <condition number="67" type="jump" coverage="100%" />
                  </conditions>
                </line>
                <line number="221" hits="1" branch="False" />
                <line number="222" hits="1" branch="False" />
                <line number="223" hits="1" branch="False" />
                <line number="224" hits="7" branch="True" condition-coverage="100% (2/2)">
                  <conditions>
                    <condition number="240" type="jump" coverage="100%" />
                  </conditions>
                </line>
                <line number="225" hits="2" branch="False" />
                <line number="226" hits="2" branch="True" condition-coverage="100% (2/2)">
                  <conditions>
                    <condition number="177" type="jump" coverage="100%" />
                  </conditions>
                </line>
                <line number="227" hits="2" branch="False" />
                <line number="228" hits="2" branch="False" />
                <line number="229" hits="2" branch="False" />
                <line number="230" hits="2" branch="False" />
                <line number="231" hits="1" branch="False" />
                <line number="234" hits="3" branch="True" condition-coverage="100% (2/2)">
                  <conditions>
                    <condition number="275" type="jump" coverage="100%" />
                  </conditions>
                </line>
                <line number="235" hits="1" branch="False" />
                <line number="236" hits="1" branch="True" condition-coverage="100% (2/2)">
                  <conditions>
                    <condition number="305" type="jump" coverage="100%" />
                  </conditions>
                </line>
                <line number="237" hits="1" branch="False" />
                <line number="238" hits="1" branch="False" />
                <line number="239" hits="1" branch="False" />
                <line number="240" hits="1" branch="False" />
                <line number="242" hits="3" branch="False" />
                <line number="244" hits="3" branch="False" />
                <line number="245" hits="3" branch="False" />
                <line number="246" hits="3" branch="False" />
                <line number="247" hits="3" branch="False" />
                <line number="248" hits="3" branch="False" />
                <line number="267" hits="3" branch="False" />
                <line number="269" hits="3" branch="False" />
                <line number="271" hits="0" branch="False" />
                <line number="272" hits="0" branch="False" />
                <line number="273" hits="0" branch="False" />
                <line number="275" hits="3" branch="False" />
              </lines>
            </method>
          </methods>
          <lines>
            <line number="211" hits="3" branch="False" />
            <line number="213" hits="3" branch="False" />
            <line number="214" hits="3" branch="False" />
            <line number="215" hits="3" branch="False" />
            <line number="216" hits="3" branch="False" />
            <line number="217" hits="3" branch="False" />
            <line number="220" hits="3" branch="True" condition-coverage="100% (2/2)">
              <conditions>
                <condition number="67" type="jump" coverage="100%" />
              </conditions>
            </line>
            <line number="221" hits="1" branch="False" />
            <line number="222" hits="1" branch="False" />
            <line number="223" hits="1" branch="False" />
            <line number="224" hits="7" branch="True" condition-coverage="100% (2/2)">
              <conditions>
                <condition number="240" type="jump" coverage="100%" />
              </conditions>
            </line>
            <line number="225" hits="2" branch="False" />
            <line number="226" hits="2" branch="True" condition-coverage="100% (2/2)">
              <conditions>
                <condition number="177" type="jump" coverage="100%" />
              </conditions>
            </line>
            <line number="227" hits="2" branch="False" />
            <line number="228" hits="2" branch="False" />
            <line number="229" hits="2" branch="False" />
            <line number="230" hits="2" branch="False" />
            <line number="231" hits="1" branch="False" />
            <line number="234" hits="3" branch="True" condition-coverage="100% (2/2)">
              <conditions>
                <condition number="275" type="jump" coverage="100%" />
              </conditions>
            </line>
            <line number="235" hits="1" branch="False" />
            <line number="236" hits="1" branch="True" condition-coverage="100% (2/2)">
              <conditions>
                <condition number="305" type="jump" coverage="100%" />
              </conditions>
            </line>
            <line number="237" hits="1" branch="False" />
            <line number="238" hits="1" branch="False" />
            <line number="239" hits="1" branch="False" />
            <line number="240" hits="1" branch="False" />
            <line number="242" hits="3" branch="False" />
            <line number="244" hits="3" branch="False" />
            <line number="245" hits="3" branch="False" />
            <line number="246" hits="3" branch="False" />
            <line number="247" hits="3" branch="False" />
            <line number="248" hits="3" branch="False" />
            <line number="267" hits="3" branch="False" />
            <line number="269" hits="3" branch="False" />
            <line number="271" hits="0" branch="False" />
            <line number="272" hits="0" branch="False" />
            <line number="273" hits="0" branch="False" />
            <line number="275" hits="3" branch="False" />
          </lines>
        </class>
        <class name="MCP.Server.Services.DotNetAnalysisTools/&lt;GetSolutionInfo&gt;d__2" filename="Services/McpServerService.cs" line-rate="0.6" branch-rate="1" complexity="1">
          <methods>
            <method name="MoveNext" signature="()" line-rate="0.6" branch-rate="1" complexity="1">
              <lines>
                <line number="68" hits="2" branch="False" />
                <line number="70" hits="2" branch="False" />
                <line number="71" hits="2" branch="False" />
                <line number="72" hits="2" branch="False" />
                <line number="73" hits="2" branch="False" />
                <line number="75" hits="0" branch="False" />
                <line number="76" hits="0" branch="False" />
                <line number="77" hits="0" branch="False" />
                <line number="78" hits="0" branch="False" />
                <line number="80" hits="2" branch="False" />
              </lines>
            </method>
          </methods>
          <lines>
            <line number="68" hits="2" branch="False" />
            <line number="70" hits="2" branch="False" />
            <line number="71" hits="2" branch="False" />
            <line number="72" hits="2" branch="False" />
            <line number="73" hits="2" branch="False" />
            <line number="75" hits="0" branch="False" />
            <line number="76" hits="0" branch="False" />
            <line number="77" hits="0" branch="False" />
            <line number="78" hits="0" branch="False" />
            <line number="80" hits="2" branch="False" />
          </lines>
        </class>
        <class name="MCP.Server.Services.DotNetAnalysisTools/&lt;LoadSolution&gt;d__0" filename="Services/McpServerService.cs" line-rate="0" branch-rate="0" complexity="2">
          <methods>
            <method name="MoveNext" signature="()" line-rate="0" branch-rate="0" complexity="2">
              <lines>
                <line number="23" hits="0" branch="False" />
                <line number="25" hits="0" branch="False" />
                <line number="26" hits="0" branch="False" />
                <line number="27" hits="0" branch="True" condition-coverage="0% (0/2)">
                  <conditions>
                    <condition number="161" type="jump" coverage="0%" />
                  </conditions>
                </line>
                <line number="28" hits="0" branch="False" />
                <line number="30" hits="0" branch="False" />
                <line number="31" hits="0" branch="False" />
                <line number="32" hits="0" branch="False" />
                <line number="33" hits="0" branch="False" />
                <line number="35" hits="0" branch="False" />
              </lines>
            </method>
          </methods>
          <lines>
            <line number="23" hits="0" branch="False" />
            <line number="25" hits="0" branch="False" />
            <line number="26" hits="0" branch="False" />
            <line number="27" hits="0" branch="True" condition-coverage="0% (0/2)">
              <conditions>
                <condition number="161" type="jump" coverage="0%" />
              </conditions>
            </line>
            <line number="28" hits="0" branch="False" />
            <line number="30" hits="0" branch="False" />
            <line number="31" hits="0" branch="False" />
            <line number="32" hits="0" branch="False" />
            <line number="33" hits="0" branch="False" />
            <line number="35" hits="0" branch="False" />
          </lines>
        </class>
        <class name="MCP.Server.Services.RoslynAnalysisService" filename="Services/RoslynAnalysisService.cs" line-rate="0.10210000000000001" branch-rate="0.011699999999999999" complexity="510">
          <methods>
            <method name="ConvertDiagnosticToSuggestion" signature="(Microsoft.CodeAnalysis.Diagnostic,System.String)" line-rate="0.23329999999999998" branch-rate="0.3333" complexity="12">
              <lines>
                <line number="393" hits="3676" branch="False" />
                <line number="395" hits="3676" branch="True" condition-coverage="100% (2/2)">
                  <conditions>
                    <condition number="12" type="jump" coverage="100%" />
                  </conditions>
                </line>
                <line number="396" hits="3504" branch="False" />
                <line number="399" hits="172" branch="True" condition-coverage="50% (2/4)">
                  <conditions>
                    <condition number="28" type="jump" coverage="50%" />
                    <condition number="61" type="jump" coverage="50%" />
                  </conditions>
                </line>
                <line number="400" hits="172" branch="False" />
                <line number="401" hits="172" branch="False" />
                <line number="403" hits="0" branch="False" />
                <line number="404" hits="0" branch="False" />
                <line number="406" hits="0" branch="True" condition-coverage="0% (0/6)">
                  <conditions>
                    <condition number="186" type="jump" coverage="0%" />
                    <condition number="198" type="jump" coverage="0%" />
                    <condition number="397" type="jump" coverage="0%" />
                  </conditions>
                </line>
                <line number="407" hits="0" branch="False" />
                <line number="408" hits="0" branch="False" />
                <line number="409" hits="0" branch="False" />
                <line number="410" hits="0" branch="False" />
                <line number="411" hits="0" branch="False" />
                <line number="412" hits="0" branch="False" />
                <line number="413" hits="0" branch="False" />
                <line number="414" hits="0" branch="False" />
                <line number="415" hits="0" branch="False" />
                <line number="416" hits="0" branch="False" />
                <line number="417" hits="0" branch="False" />
                <line number="418" hits="0" branch="False" />
                <line number="419" hits="0" branch="False" />
                <line number="420" hits="0" branch="False" />
                <line number="421" hits="0" branch="False" />
                <line number="422" hits="0" branch="False" />
                <line number="423" hits="0" branch="False" />
                <line number="424" hits="0" branch="False" />
                <line number="425" hits="0" branch="False" />
                <line number="427" hits="0" branch="False" />
                <line number="428" hits="3676" branch="False" />
              </lines>
            </method>
            <method name="ShouldIncludeSuggestion" signature="(MCP.Server.Models.CodeSuggestion,MCP.Server.Models.SuggestionAnalysisOptions)" line-rate="0" branch-rate="0" complexity="18">
              <lines>
                <line number="434" hits="0" branch="False" />
                <line number="436" hits="0" branch="True" condition-coverage="0% (0/2)">
                  <conditions>
                    <condition number="23" type="jump" coverage="0%" />
                  </conditions>
                </line>
                <line number="437" hits="0" branch="False" />
                <line number="440" hits="0" branch="True" condition-coverage="0% (0/2)">
                  <conditions>
                    <condition number="48" type="jump" coverage="0%" />
                  </conditions>
                </line>
                <line number="441" hits="0" branch="False" />
                <line number="444" hits="0" branch="True" condition-coverage="0% (0/4)">
                  <conditions>
                    <condition number="63" type="jump" coverage="0%" />
                    <condition number="79" type="jump" coverage="0%" />
                  </conditions>
                </line>
                <line number="445" hits="0" branch="False" />
                <line number="447" hits="0" branch="True" condition-coverage="0% (0/4)">
                  <conditions>
                    <condition number="91" type="jump" coverage="0%" />
                    <condition number="109" type="jump" coverage="0%" />
                  </conditions>
                </line>
                <line number="448" hits="0" branch="False" />
                <line number="451" hits="0" branch="True" condition-coverage="0% (0/4)">
                  <conditions>
                    <condition number="127" type="jump" coverage="0%" />
                    <condition number="156" type="jump" coverage="0%" />
                  </conditions>
                </line>
                <line number="452" hits="0" branch="False" />
                <line number="455" hits="0" branch="True" condition-coverage="0% (0/2)">
                  <conditions>
                    <condition number="183" type="jump" coverage="0%" />
                  </conditions>
                </line>
                <line number="456" hits="0" branch="False" />
                <line number="458" hits="0" branch="False" />
                <line number="459" hits="0" branch="False" />
              </lines>
            </method>
            <method name="CategorizeAnalyzerId" signature="(System.String)" line-rate="0" branch-rate="0" complexity="450">
              <lines>
                <line number="465" hits="0" branch="False" />
                <line number="466" hits="0" branch="False" />
                <line number="467" hits="0" branch="False" />
                <line number="468" hits="0" branch="False" />
                <line number="469" hits="0" branch="True" condition-coverage="0% (0/436)">
                  <conditions>
                    <condition number="20" type="jump" coverage="0%" />
                    <condition number="46" type="jump" coverage="0%" />
                    <condition number="58" type="jump" coverage="0%" />
                    <condition number="70" type="jump" coverage="0%" />
                    <condition number="82" type="jump" coverage="0%" />
                    <condition number="91" type="jump" coverage="0%" />
                    <condition number="100" type="jump" coverage="0%" />
                    <condition number="131" type="jump" coverage="0%" />
                    <condition number="145" type="jump" coverage="0%" />
                    <condition number="176" type="jump" coverage="0%" />
                    <condition number="185" type="jump" coverage="0%" />
                    <condition number="199" type="jump" coverage="0%" />
                    <condition number="230" type="jump" coverage="0%" />
                    <condition number="244" type="jump" coverage="0%" />
                    <condition number="275" type="jump" coverage="0%" />
                    <condition number="284" type="jump" coverage="0%" />
                    <condition number="293" type="jump" coverage="0%" />
                    <condition number="307" type="jump" coverage="0%" />
                    <condition number="338" type="jump" coverage="0%" />
                    <condition number="352" type="jump" coverage="0%" />
                    <condition number="383" type="jump" coverage="0%" />
                    <condition number="392" type="jump" coverage="0%" />
                    <condition number="406" type="jump" coverage="0%" />
                    <condition number="437" type="jump" coverage="0%" />
                    <condition number="451" type="jump" coverage="0%" />
                    <condition number="482" type="jump" coverage="0%" />
                    <condition number="494" type="jump" coverage="0%" />
                    <condition number="503" type="jump" coverage="0%" />
                    <condition number="512" type="jump" coverage="0%" />
                    <condition number="543" type="jump" coverage="0%" />
                    <condition number="557" type="jump" coverage="0%" />
                    <condition number="588" type="jump" coverage="0%" />
                    <condition number="597" type="jump" coverage="0%" />
                    <condition number="611" type="jump" coverage="0%" />
                    <condition number="642" type="jump" coverage="0%" />
                    <condition number="656" type="jump" coverage="0%" />
                    <condition number="687" type="jump" coverage="0%" />
                    <condition number="696" type="jump" coverage="0%" />
                    <condition number="705" type="jump" coverage="0%" />
                    <condition number="719" type="jump" coverage="0%" />
                    <condition number="750" type="jump" coverage="0%" />
                    <condition number="764" type="jump" coverage="0%" />
                    <condition number="795" type="jump" coverage="0%" />
                    <condition number="804" type="jump" coverage="0%" />
                    <condition number="818" type="jump" coverage="0%" />
                    <condition number="849" type="jump" coverage="0%" />
                    <condition number="863" type="jump" coverage="0%" />
                    <condition number="894" type="jump" coverage="0%" />
                    <condition number="906" type="jump" coverage="0%" />
                    <condition number="918" type="jump" coverage="0%" />
                    <condition number="927" type="jump" coverage="0%" />
                    <condition number="936" type="jump" coverage="0%" />
                    <condition number="967" type="jump" coverage="0%" />
                    <condition number="981" type="jump" coverage="0%" />
                    <condition number="1012" type="jump" coverage="0%" />
                    <condition number="1021" type="jump" coverage="0%" />
                    <condition number="1035" type="jump" coverage="0%" />
                    <condition number="1066" type="jump" coverage="0%" />
                    <condition number="1080" type="jump" coverage="0%" />
                    <condition number="1111" type="jump" coverage="0%" />
                    <condition number="1120" type="jump" coverage="0%" />
                    <condition number="1129" type="jump" coverage="0%" />
                    <condition number="1143" type="jump" coverage="0%" />
                    <condition number="1174" type="jump" coverage="0%" />
                    <condition number="1188" type="jump" coverage="0%" />
                    <condition number="1219" type="jump" coverage="0%" />
                    <condition number="1228" type="jump" coverage="0%" />
                    <condition number="1242" type="jump" coverage="0%" />
                    <condition number="1273" type="jump" coverage="0%" />
                    <condition number="1287" type="jump" coverage="0%" />
                    <condition number="1318" type="jump" coverage="0%" />
                    <condition number="1330" type="jump" coverage="0%" />
                    <condition number="1339" type="jump" coverage="0%" />
                    <condition number="1348" type="jump" coverage="0%" />
                    <condition number="1362" type="jump" coverage="0%" />
                    <condition number="1393" type="jump" coverage="0%" />
                    <condition number="1407" type="jump" coverage="0%" />
                    <condition number="1438" type="jump" coverage="0%" />
                    <condition number="1447" type="jump" coverage="0%" />
                    <condition number="1461" type="jump" coverage="0%" />
                    <condition number="1492" type="jump" coverage="0%" />
                    <condition number="1506" type="jump" coverage="0%" />
                    <condition number="1537" type="jump" coverage="0%" />
                    <condition number="1546" type="jump" coverage="0%" />
                    <condition number="1555" type="jump" coverage="0%" />
                    <condition number="1569" type="jump" coverage="0%" />
                    <condition number="1600" type="jump" coverage="0%" />
                    <condition number="1614" type="jump" coverage="0%" />
                    <condition number="1645" type="jump" coverage="0%" />
                    <condition number="1654" type="jump" coverage="0%" />
                    <condition number="1668" type="jump" coverage="0%" />
                    <condition number="1699" type="jump" coverage="0%" />
                    <condition number="1713" type="jump" coverage="0%" />
                    <condition number="1376" type="jump" coverage="0%" />
                    <condition number="1157" type="jump" coverage="0%" />
                    <condition number="1202" type="jump" coverage="0%" />
                    <condition number="1421" type="jump" coverage="0%" />
                    <condition number="670" type="jump" coverage="0%" />
                    <condition number="625" type="jump" coverage="0%" />
                    <condition number="465" type="jump" coverage="0%" />
                    <condition number="420" type="jump" coverage="0%" />
                    <condition number="571" type="jump" coverage="0%" />
                    <condition number="526" type="jump" coverage="0%" />
                    <condition number="321" type="jump" coverage="0%" />
                    <condition number="366" type="jump" coverage="0%" />
                    <condition number="258" type="jump" coverage="0%" />
                    <condition number="213" type="jump" coverage="0%" />
                    <condition number="114" type="jump" coverage="0%" />
                    <condition number="1049" type="jump" coverage="0%" />
                    <condition number="995" type="jump" coverage="0%" />
                    <condition number="1301" type="jump" coverage="0%" />
                    <condition number="877" type="jump" coverage="0%" />
                    <condition number="950" type="jump" coverage="0%" />
                    <condition number="1094" type="jump" coverage="0%" />
                    <condition number="1256" type="jump" coverage="0%" />
                    <condition number="1583" type="jump" coverage="0%" />
                    <condition number="1475" type="jump" coverage="0%" />
                    <condition number="1520" type="jump" coverage="0%" />
                    <condition number="1628" type="jump" coverage="0%" />
                    <condition number="733" type="jump" coverage="0%" />
                    <condition number="1682" type="jump" coverage="0%" />
                    <condition number="778" type="jump" coverage="0%" />
                    <condition number="1727" type="jump" coverage="0%" />
                    <condition number="832" type="jump" coverage="0%" />
                    <condition number="159" type="jump" coverage="0%" />
                    <condition number="1748" type="jump" coverage="0%" />
                    <condition number="1769" type="jump" coverage="0%" />
                    <condition number="1790" type="jump" coverage="0%" />
                    <condition number="1811" type="jump" coverage="0%" />
                    <condition number="1832" type="jump" coverage="0%" />
                    <condition number="1853" type="jump" coverage="0%" />
                    <condition number="1874" type="jump" coverage="0%" />
                    <condition number="1895" type="jump" coverage="0%" />
                    <condition number="1916" type="jump" coverage="0%" />
                    <condition number="1937" type="jump" coverage="0%" />
                    <condition number="1958" type="jump" coverage="0%" />
                    <condition number="1979" type="jump" coverage="0%" />
                    <condition number="2000" type="jump" coverage="0%" />
                    <condition number="2021" type="jump" coverage="0%" />
                    <condition number="2042" type="jump" coverage="0%" />
                    <condition number="2063" type="jump" coverage="0%" />
                    <condition number="2084" type="jump" coverage="0%" />
                    <condition number="2105" type="jump" coverage="0%" />
                    <condition number="2126" type="jump" coverage="0%" />
                    <condition number="2147" type="jump" coverage="0%" />
                    <condition number="2168" type="jump" coverage="0%" />
                    <condition number="2189" type="jump" coverage="0%" />
                    <condition number="2210" type="jump" coverage="0%" />
                    <condition number="2231" type="jump" coverage="0%" />
                    <condition number="2252" type="jump" coverage="0%" />
                    <condition number="2273" type="jump" coverage="0%" />
                    <condition number="2294" type="jump" coverage="0%" />
                    <condition number="2315" type="jump" coverage="0%" />
                    <condition number="2336" type="jump" coverage="0%" />
                    <condition number="2357" type="jump" coverage="0%" />
                    <condition number="2378" type="jump" coverage="0%" />
                    <condition number="2399" type="jump" coverage="0%" />
                    <condition number="2420" type="jump" coverage="0%" />
                    <condition number="2441" type="jump" coverage="0%" />
                    <condition number="2462" type="jump" coverage="0%" />
                    <condition number="2483" type="jump" coverage="0%" />
                    <condition number="2504" type="jump" coverage="0%" />
                    <condition number="2525" type="jump" coverage="0%" />
                    <condition number="2546" type="jump" coverage="0%" />
                    <condition number="2567" type="jump" coverage="0%" />
                    <condition number="2588" type="jump" coverage="0%" />
                    <condition number="2609" type="jump" coverage="0%" />
                    <condition number="2630" type="jump" coverage="0%" />
                    <condition number="2651" type="jump" coverage="0%" />
                    <condition number="2672" type="jump" coverage="0%" />
                    <condition number="2693" type="jump" coverage="0%" />
                    <condition number="2714" type="jump" coverage="0%" />
                    <condition number="2735" type="jump" coverage="0%" />
                    <condition number="2756" type="jump" coverage="0%" />
                    <condition number="2777" type="jump" coverage="0%" />
                    <condition number="2798" type="jump" coverage="0%" />
                    <condition number="2819" type="jump" coverage="0%" />
                    <condition number="2840" type="jump" coverage="0%" />
                    <condition number="2861" type="jump" coverage="0%" />
                    <condition number="2882" type="jump" coverage="0%" />
                    <condition number="2903" type="jump" coverage="0%" />
                    <condition number="2924" type="jump" coverage="0%" />
                    <condition number="2945" type="jump" coverage="0%" />
                    <condition number="2966" type="jump" coverage="0%" />
                    <condition number="2987" type="jump" coverage="0%" />
                    <condition number="3008" type="jump" coverage="0%" />
                    <condition number="3029" type="jump" coverage="0%" />
                    <condition number="3050" type="jump" coverage="0%" />
                    <condition number="3071" type="jump" coverage="0%" />
                    <condition number="3092" type="jump" coverage="0%" />
                    <condition number="3113" type="jump" coverage="0%" />
                    <condition number="3134" type="jump" coverage="0%" />
                    <condition number="3155" type="jump" coverage="0%" />
                    <condition number="3176" type="jump" coverage="0%" />
                    <condition number="3197" type="jump" coverage="0%" />
                    <condition number="3218" type="jump" coverage="0%" />
                    <condition number="3239" type="jump" coverage="0%" />
                    <condition number="3260" type="jump" coverage="0%" />
                    <condition number="3281" type="jump" coverage="0%" />
                    <condition number="3302" type="jump" coverage="0%" />
                    <condition number="3323" type="jump" coverage="0%" />
                    <condition number="3344" type="jump" coverage="0%" />
                    <condition number="3365" type="jump" coverage="0%" />
                    <condition number="3386" type="jump" coverage="0%" />
                    <condition number="3407" type="jump" coverage="0%" />
                    <condition number="3428" type="jump" coverage="0%" />
                    <condition number="3449" type="jump" coverage="0%" />
                    <condition number="3470" type="jump" coverage="0%" />
                    <condition number="3491" type="jump" coverage="0%" />
                    <condition number="3512" type="jump" coverage="0%" />
                    <condition number="3533" type="jump" coverage="0%" />
                    <condition number="3554" type="jump" coverage="0%" />
                    <condition number="3575" type="jump" coverage="0%" />
                    <condition number="3596" type="jump" coverage="0%" />
                    <condition number="3617" type="jump" coverage="0%" />
                    <condition number="3638" type="jump" coverage="0%" />
                    <condition number="3659" type="jump" coverage="0%" />
                    <condition number="3680" type="jump" coverage="0%" />
                  </conditions>
                </line>
                <line number="470" hits="0" branch="False" />
                <line number="471" hits="0" branch="False" />
                <line number="472" hits="0" branch="False" />
                <line number="473" hits="0" branch="False" />
                <line number="474" hits="0" branch="False" />
                <line number="475" hits="0" branch="False" />
                <line number="476" hits="0" branch="False" />
                <line number="477" hits="0" branch="False" />
                <line number="478" hits="0" branch="False" />
                <line number="479" hits="0" branch="False" />
                <line number="480" hits="0" branch="False" />
                <line number="481" hits="0" branch="False" />
                <line number="482" hits="0" branch="False" />
                <line number="483" hits="0" branch="False" />
                <line number="484" hits="0" branch="False" />
                <line number="485" hits="0" branch="False" />
                <line number="486" hits="0" branch="False" />
                <line number="487" hits="0" branch="False" />
                <line number="488" hits="0" branch="False" />
                <line number="489" hits="0" branch="False" />
                <line number="490" hits="0" branch="False" />
                <line number="491" hits="0" branch="False" />
                <line number="492" hits="0" branch="False" />
                <line number="493" hits="0" branch="False" />
                <line number="494" hits="0" branch="False" />
                <line number="495" hits="0" branch="False" />
                <line number="496" hits="0" branch="False" />
                <line number="497" hits="0" branch="False" />
                <line number="498" hits="0" branch="True" condition-coverage="0% (0/2)">
                  <conditions>
                    <condition number="3833" type="jump" coverage="0%" />
                  </conditions>
                </line>
                <line number="499" hits="0" branch="True" condition-coverage="0% (0/2)">
                  <conditions>
                    <condition number="3858" type="jump" coverage="0%" />
                  </conditions>
                </line>
                <line number="500" hits="0" branch="True" condition-coverage="0% (0/2)">
                  <conditions>
                    <condition number="3880" type="jump" coverage="0%" />
                  </conditions>
                </line>
                <line number="501" hits="0" branch="True" condition-coverage="0% (0/2)">
                  <conditions>
                    <condition number="3904" type="jump" coverage="0%" />
                  </conditions>
                </line>
                <line number="502" hits="0" branch="False" />
                <line number="503" hits="0" branch="False" />
                <line number="504" hits="0" branch="True" condition-coverage="0% (0/2)">
                  <conditions>
                    <condition number="3928" type="jump" coverage="0%" />
                  </conditions>
                </line>
                <line number="505" hits="0" branch="False" />
                <line number="506" hits="0" branch="False" />
                <line number="507" hits="0" branch="True" condition-coverage="0% (0/2)">
                  <conditions>
                    <condition number="3952" type="jump" coverage="0%" />
                  </conditions>
                </line>
                <line number="508" hits="0" branch="False" />
                <line number="509" hits="0" branch="False" />
                <line number="510" hits="0" branch="True" condition-coverage="0% (0/2)">
                  <conditions>
                    <condition number="3976" type="jump" coverage="0%" />
                  </conditions>
                </line>
                <line number="511" hits="0" branch="False" />
                <line number="512" hits="0" branch="False" />
                <line number="513" hits="0" branch="False" />
                <line number="514" hits="0" branch="False" />
                <line number="515" hits="0" branch="False" />
              </lines>
            </method>
            <method name="MapSeverityToPriority" signature="(Microsoft.CodeAnalysis.DiagnosticSeverity)" line-rate="0" branch-rate="0" complexity="5">
              <lines>
                <line number="521" hits="0" branch="False" />
                <line number="522" hits="0" branch="True" condition-coverage="0% (0/5)">
                  <conditions>
                    <condition number="6" type="switch" coverage="0%" />
                  </conditions>
                </line>
                <line number="523" hits="0" branch="False" />
                <line number="524" hits="0" branch="False" />
                <line number="525" hits="0" branch="False" />
                <line number="526" hits="0" branch="False" />
                <line number="527" hits="0" branch="False" />
                <line number="528" hits="0" branch="False" />
                <line number="529" hits="0" branch="False" />
                <line number="530" hits="0" branch="False" />
              </lines>
            </method>
            <method name="DetermineImpact" signature="(System.String,System.Collections.Generic.IEnumerable`1&lt;System.String&gt;)" line-rate="0" branch-rate="0" complexity="20">
              <lines>
                <line number="536" hits="0" branch="False" />
                <line number="538" hits="0" branch="True" condition-coverage="0% (0/4)">
                  <conditions>
                    <condition number="12" type="jump" coverage="0%" />
                    <condition number="30" type="jump" coverage="0%" />
                  </conditions>
                </line>
                <line number="539" hits="0" branch="False" />
                <line number="542" hits="0" branch="True" condition-coverage="0% (0/6)">
                  <conditions>
                    <condition number="50" type="jump" coverage="0%" />
                    <condition number="63" type="jump" coverage="0%" />
                    <condition number="81" type="jump" coverage="0%" />
                  </conditions>
                </line>
                <line number="543" hits="0" branch="False" />
                <line number="546" hits="0" branch="True" condition-coverage="0% (0/6)">
                  <conditions>
                    <condition number="98" type="jump" coverage="0%" />
                    <condition number="111" type="jump" coverage="0%" />
                    <condition number="132" type="jump" coverage="0%" />
                  </conditions>
                </line>
                <line number="547" hits="0" branch="False" />
                <line number="550" hits="0" branch="True" condition-coverage="0% (0/4)">
                  <conditions>
                    <condition number="149" type="jump" coverage="0%" />
                    <condition number="169" type="jump" coverage="0%" />
                  </conditions>
                </line>
                <line number="551" hits="0" branch="False" />
                <line number="553" hits="0" branch="False" />
                <line number="554" hits="0" branch="False" />
              </lines>
            </method>
            <method name="GetCodeFromLocation" signature="(Microsoft.CodeAnalysis.Location)" line-rate="0" branch-rate="0" complexity="2">
              <lines>
                <line number="560" hits="0" branch="False" />
                <line number="562" hits="0" branch="False" />
                <line number="563" hits="0" branch="True" condition-coverage="0% (0/2)">
                  <conditions>
                    <condition number="13" type="jump" coverage="0%" />
                  </conditions>
                </line>
                <line number="564" hits="0" branch="False" />
                <line number="565" hits="0" branch="False" />
                <line number="566" hits="0" branch="False" />
                <line number="567" hits="0" branch="False" />
                <line number="569" hits="0" branch="False" />
                <line number="570" hits="0" branch="False" />
                <line number="571" hits="0" branch="False" />
                <line number="573" hits="0" branch="False" />
                <line number="575" hits="0" branch="False" />
                <line number="576" hits="0" branch="False" />
              </lines>
            </method>
            <method name="Dispose" signature="()" line-rate="1" branch-rate="1" complexity="2">
              <lines>
                <line number="579" hits="21" branch="False" />
                <line number="580" hits="21" branch="True" condition-coverage="100% (2/2)">
                  <conditions>
                    <condition number="8" type="jump" coverage="100%" />
                  </conditions>
                </line>
                <line number="581" hits="21" branch="False" />
              </lines>
            </method>
            <method name=".ctor" signature="(Microsoft.Extensions.Logging.ILogger`1&lt;MCP.Server.Services.RoslynAnalysisService&gt;)" line-rate="1" branch-rate="1" complexity="1">
              <lines>
                <line number="18" hits="21" branch="False" />
                <line number="19" hits="21" branch="False" />
                <line number="20" hits="21" branch="False" />
                <line number="21" hits="21" branch="False" />
              </lines>
            </method>
          </methods>
          <lines>
            <line number="393" hits="3676" branch="False" />
            <line number="395" hits="3676" branch="True" condition-coverage="100% (2/2)">
              <conditions>
                <condition number="12" type="jump" coverage="100%" />
              </conditions>
            </line>
            <line number="396" hits="3504" branch="False" />
            <line number="399" hits="172" branch="True" condition-coverage="50% (2/4)">
              <conditions>
                <condition number="28" type="jump" coverage="50%" />
                <condition number="61" type="jump" coverage="50%" />
              </conditions>
            </line>
            <line number="400" hits="172" branch="False" />
            <line number="401" hits="172" branch="False" />
            <line number="403" hits="0" branch="False" />
            <line number="404" hits="0" branch="False" />
            <line number="406" hits="0" branch="True" condition-coverage="0% (0/6)">
              <conditions>
                <condition number="186" type="jump" coverage="0%" />
                <condition number="198" type="jump" coverage="0%" />
                <condition number="397" type="jump" coverage="0%" />
              </conditions>
            </line>
            <line number="407" hits="0" branch="False" />
            <line number="408" hits="0" branch="False" />
            <line number="409" hits="0" branch="False" />
            <line number="410" hits="0" branch="False" />
            <line number="411" hits="0" branch="False" />
            <line number="412" hits="0" branch="False" />
            <line number="413" hits="0" branch="False" />
            <line number="414" hits="0" branch="False" />
            <line number="415" hits="0" branch="False" />
            <line number="416" hits="0" branch="False" />
            <line number="417" hits="0" branch="False" />
            <line number="418" hits="0" branch="False" />
            <line number="419" hits="0" branch="False" />
            <line number="420" hits="0" branch="False" />
            <line number="421" hits="0" branch="False" />
            <line number="422" hits="0" branch="False" />
            <line number="423" hits="0" branch="False" />
            <line number="424" hits="0" branch="False" />
            <line number="425" hits="0" branch="False" />
            <line number="427" hits="0" branch="False" />
            <line number="428" hits="3676" branch="False" />
            <line number="434" hits="0" branch="False" />
            <line number="436" hits="0" branch="True" condition-coverage="0% (0/2)">
              <conditions>
                <condition number="23" type="jump" coverage="0%" />
              </conditions>
            </line>
            <line number="437" hits="0" branch="False" />
            <line number="440" hits="0" branch="True" condition-coverage="0% (0/2)">
              <conditions>
                <condition number="48" type="jump" coverage="0%" />
              </conditions>
            </line>
            <line number="441" hits="0" branch="False" />
            <line number="444" hits="0" branch="True" condition-coverage="0% (0/4)">
              <conditions>
                <condition number="63" type="jump" coverage="0%" />
                <condition number="79" type="jump" coverage="0%" />
              </conditions>
            </line>
            <line number="445" hits="0" branch="False" />
            <line number="447" hits="0" branch="True" condition-coverage="0% (0/4)">
              <conditions>
                <condition number="91" type="jump" coverage="0%" />
                <condition number="109" type="jump" coverage="0%" />
              </conditions>
            </line>
            <line number="448" hits="0" branch="False" />
            <line number="451" hits="0" branch="True" condition-coverage="0% (0/4)">
              <conditions>
                <condition number="127" type="jump" coverage="0%" />
                <condition number="156" type="jump" coverage="0%" />
              </conditions>
            </line>
            <line number="452" hits="0" branch="False" />
            <line number="455" hits="0" branch="True" condition-coverage="0% (0/2)">
              <conditions>
                <condition number="183" type="jump" coverage="0%" />
              </conditions>
            </line>
            <line number="456" hits="0" branch="False" />
[...]
                <line number="255" hits="22" branch="False" />
              </lines>
            </method>
            <method name="get_ExcludedAnalyzerIds" signature="()" line-rate="1" branch-rate="1" complexity="1">
              <lines>
                <line number="260" hits="22" branch="False" />
              </lines>
            </method>
            <method name=".ctor" signature="()" line-rate="1" branch-rate="1" complexity="1">
              <lines>
                <line number="223" hits="14" branch="False" />
                <line number="224" hits="14" branch="False" />
                <line number="225" hits="14" branch="False" />
                <line number="226" hits="14" branch="False" />
                <line number="227" hits="14" branch="False" />
                <line number="228" hits="14" branch="False" />
                <line number="229" hits="14" branch="False" />
                <line number="230" hits="14" branch="False" />
              </lines>
            </method>
          </methods>
          <lines>
            <line number="222" hits="37" branch="False" />
            <line number="235" hits="26" branch="False" />
            <line number="240" hits="29" branch="False" />
            <line number="245" hits="22" branch="False" />
            <line number="250" hits="22" branch="False" />
            <line number="255" hits="22" branch="False" />
            <line number="260" hits="22" branch="False" />
            <line number="223" hits="14" branch="False" />
            <line number="224" hits="14" branch="False" />
            <line number="225" hits="14" branch="False" />
            <line number="226" hits="14" branch="False" />
            <line number="227" hits="14" branch="False" />
            <line number="228" hits="14" branch="False" />
            <line number="229" hits="14" branch="False" />
            <line number="230" hits="14" branch="False" />
          </lines>
        </class>
        <class name="MCP.Server.Models.CompilationError" filename="Models/CompilationError.cs" line-rate="1" branch-rate="1" complexity="15">
          <methods>
            <method name="get_Id" signature="()" line-rate="1" branch-rate="1" complexity="1">
              <lines>
                <line number="10" hits="3612" branch="False" />
              </lines>
            </method>
            <method name="get_Title" signature="()" line-rate="1" branch-rate="1" complexity="1">
              <lines>
                <line number="11" hits="3608" branch="False" />
              </lines>
            </method>
            <method name="get_Message" signature="()" line-rate="1" branch-rate="1" complexity="1">
              <lines>
                <line number="12" hits="3612" branch="False" />
              </lines>
            </method>
            <method name="get_Severity" signature="()" line-rate="1" branch-rate="1" complexity="1">
              <lines>
                <line number="13" hits="3608" branch="False" />
              </lines>
            </method>
            <method name="get_FilePath" signature="()" line-rate="1" branch-rate="1" complexity="1">
              <lines>
                <line number="14" hits="3612" branch="False" />
              </lines>
            </method>
            <method name="get_StartLine" signature="()" line-rate="1" branch-rate="1" complexity="1">
              <lines>
                <line number="15" hits="1856" branch="False" />
              </lines>
            </method>
            <method name="get_StartColumn" signature="()" line-rate="1" branch-rate="1" complexity="1">
              <lines>
                <line number="16" hits="1856" branch="False" />
              </lines>
            </method>
            <method name="get_EndLine" signature="()" line-rate="1" branch-rate="1" complexity="1">
              <lines>
                <line number="17" hits="1856" branch="False" />
              </lines>
            </method>
            <method name="get_EndColumn" signature="()" line-rate="1" branch-rate="1" complexity="1">
              <lines>
                <line number="18" hits="1856" branch="False" />
              </lines>
            </method>
            <method name="get_Category" signature="()" line-rate="1" branch-rate="1" complexity="1">
              <lines>
                <line number="19" hits="3611" branch="False" />
              </lines>
            </method>
            <method name="get_HelpLink" signature="()" line-rate="1" branch-rate="1" complexity="1">
              <lines>
                <line number="20" hits="1853" branch="False" />
              </lines>
            </method>
            <method name="get_IsWarningAsError" signature="()" line-rate="1" branch-rate="1" complexity="1">
              <lines>
                <line number="21" hits="1853" branch="False" />
              </lines>
            </method>
            <method name="get_WarningLevel" signature="()" line-rate="1" branch-rate="1" complexity="1">
              <lines>
                <line number="22" hits="1853" branch="False" />
              </lines>
            </method>
            <method name="get_CustomTags" signature="()" line-rate="1" branch-rate="1" complexity="1">
              <lines>
                <line number="23" hits="1853" branch="False" />
              </lines>
            </method>
            <method name="get_ProjectName" signature="()" line-rate="1" branch-rate="1" complexity="1">
              <lines>
                <line number="24" hits="3611" branch="False" />
              </lines>
            </method>
          </methods>
          <lines>
            <line number="10" hits="3612" branch="False" />
            <line number="11" hits="3608" branch="False" />
            <line number="12" hits="3612" branch="False" />
            <line number="13" hits="3608" branch="False" />
            <line number="14" hits="3612" branch="False" />
            <line number="15" hits="1856" branch="False" />
            <line number="16" hits="1856" branch="False" />
            <line number="17" hits="1856" branch="False" />
            <line number="18" hits="1856" branch="False" />
            <line number="19" hits="3611" branch="False" />
            <line number="20" hits="1853" branch="False" />
            <line number="21" hits="1853" branch="False" />
            <line number="22" hits="1853" branch="False" />
            <line number="23" hits="1853" branch="False" />
            <line number="24" hits="3611" branch="False" />
          </lines>
        </class>
        <class name="MCP.Server.Models.ProjectInfo" filename="Models/ProjectInfo.cs" line-rate="1" branch-rate="1" complexity="10">
          <methods>
            <method name="get_Name" signature="()" line-rate="1" branch-rate="1" complexity="1">
              <lines>
                <line number="8" hits="26" branch="False" />
              </lines>
            </method>
            <method name="get_FilePath" signature="()" line-rate="1" branch-rate="1" complexity="1">
              <lines>
                <line number="9" hits="22" branch="False" />
              </lines>
            </method>
            <method name="get_TargetFramework" signature="()" line-rate="1" branch-rate="1" complexity="1">
              <lines>
                <line number="10" hits="19" branch="False" />
              </lines>
            </method>
            <method name="get_OutputType" signature="()" line-rate="1" branch-rate="1" complexity="1">
              <lines>
                <line number="11" hits="22" branch="False" />
              </lines>
            </method>
            <method name="get_SourceFiles" signature="()" line-rate="1" branch-rate="1" complexity="1">
              <lines>
                <line number="12" hits="19" branch="False" />
              </lines>
            </method>
            <method name="get_References" signature="()" line-rate="1" branch-rate="1" complexity="1">
              <lines>
                <line number="13" hits="19" branch="False" />
              </lines>
            </method>
            <method name="get_PackageReferences" signature="()" line-rate="1" branch-rate="1" complexity="1">
              <lines>
                <line number="14" hits="19" branch="False" />
              </lines>
            </method>
            <method name="get_ErrorCount" signature="()" line-rate="1" branch-rate="1" complexity="1">
              <lines>
                <line number="15" hits="12" branch="False" />
              </lines>
            </method>
            <method name="get_WarningCount" signature="()" line-rate="1" branch-rate="1" complexity="1">
              <lines>
                <line number="16" hits="12" branch="False" />
              </lines>
            </method>
            <method name="get_HasCompilationErrors" signature="()" line-rate="1" branch-rate="1" complexity="1">
              <lines>
                <line number="17" hits="12" branch="False" />
              </lines>
            </method>
          </methods>
          <lines>
            <line number="8" hits="26" branch="False" />
            <line number="9" hits="22" branch="False" />
            <line number="10" hits="19" branch="False" />
            <line number="11" hits="22" branch="False" />
            <line number="12" hits="19" branch="False" />
            <line number="13" hits="19" branch="False" />
            <line number="14" hits="19" branch="False" />
            <line number="15" hits="12" branch="False" />
            <line number="16" hits="12" branch="False" />
            <line number="17" hits="12" branch="False" />
          </lines>
        </class>
        <class name="MCP.Server.Models.SolutionInfo" filename="Models/ProjectInfo.cs" line-rate="1" branch-rate="1" complexity="6">
          <methods>
            <method name="get_Name" signature="()" line-rate="1" branch-rate="1" complexity="1">
              <lines>
                <line number="25" hits="11" branch="False" />
              </lines>
            </method>
            <method name="get_FilePath" signature="()" line-rate="1" branch-rate="1" complexity="1">
              <lines>
                <line number="26" hits="10" branch="False" />
              </lines>
            </method>
            <method name="get_Projects" signature="()" line-rate="1" branch-rate="1" complexity="1">
              <lines>
                <line number="27" hits="20" branch="False" />
              </lines>
            </method>
            <method name="get_TotalErrors" signature="()" line-rate="1" branch-rate="1" complexity="1">
              <lines>
                <line number="28" hits="18" branch="False" />
              </lines>
            </method>
            <method name="get_TotalWarnings" signature="()" line-rate="1" branch-rate="1" complexity="1">
              <lines>
                <line number="29" hits="16" branch="False" />
              </lines>
            </method>
            <method name="get_HasCompilationErrors" signature="()" line-rate="1" branch-rate="1" complexity="1">
              <lines>
                <line number="30" hits="6" branch="False" />
              </lines>
            </method>
          </methods>
          <lines>
            <line number="25" hits="11" branch="False" />
            <line number="26" hits="10" branch="False" />
            <line number="27" hits="20" branch="False" />
            <line number="28" hits="18" branch="False" />
            <line number="29" hits="16" branch="False" />
            <line number="30" hits="6" branch="False" />
          </lines>
        </class>
        <class name="MCP.Server.Models.SymbolInfo" filename="Models/SymbolInfo.cs" line-rate="0" branch-rate="1" complexity="20">
          <methods>
            <method name="get_Name" signature="()" line-rate="0" branch-rate="1" complexity="1">
              <lines>
                <line number="10" hits="0" branch="False" />
              </lines>
            </method>
            <method name="get_FullName" signature="()" line-rate="0" branch-rate="1" complexity="1">
              <lines>
                <line number="11" hits="0" branch="False" />
              </lines>
            </method>
            <method name="get_Kind" signature="()" line-rate="0" branch-rate="1" complexity="1">
              <lines>
                <line number="12" hits="0" branch="False" />
              </lines>
            </method>
            <method name="get_TypeName" signature="()" line-rate="0" branch-rate="1" complexity="1">
              <lines>
                <line number="13" hits="0" branch="False" />
              </lines>
            </method>
            <method name="get_ContainingNamespace" signature="()" line-rate="0" branch-rate="1" complexity="1">
              <lines>
                <line number="14" hits="0" branch="False" />
              </lines>
            </method>
            <method name="get_ContainingType" signature="()" line-rate="0" branch-rate="1" complexity="1">
              <lines>
                <line number="15" hits="0" branch="False" />
              </lines>
            </method>
            <method name="get_DeclaredAccessibility" signature="()" line-rate="0" branch-rate="1" complexity="1">
              <lines>
                <line number="16" hits="0" branch="False" />
              </lines>
            </method>
            <method name="get_IsStatic" signature="()" line-rate="0" branch-rate="1" complexity="1">
              <lines>
                <line number="17" hits="0" branch="False" />
              </lines>
            </method>
            <method name="get_IsAbstract" signature="()" line-rate="0" branch-rate="1" complexity="1">
              <lines>
                <line number="18" hits="0" branch="False" />
              </lines>
            </method>
            <method name="get_IsVirtual" signature="()" line-rate="0" branch-rate="1" complexity="1">
              <lines>
                <line number="19" hits="0" branch="False" />
              </lines>
            </method>
            <method name="get_IsOverride" signature="()" line-rate="0" branch-rate="1" complexity="1">
              <lines>
                <line number="20" hits="0" branch="False" />
              </lines>
            </method>
            <method name="get_IsSealed" signature="()" line-rate="0" branch-rate="1" complexity="1">
              <lines>
                <line number="21" hits="0" branch="False" />
              </lines>
            </method>
            <method name="get_FilePath" signature="()" line-rate="0" branch-rate="1" complexity="1">
              <lines>
                <line number="22" hits="0" branch="False" />
              </lines>
            </method>
            <method name="get_StartLine" signature="()" line-rate="0" branch-rate="1" complexity="1">
              <lines>
                <line number="23" hits="0" branch="False" />
              </lines>
            </method>
            <method name="get_StartColumn" signature="()" line-rate="0" branch-rate="1" complexity="1">
              <lines>
                <line number="24" hits="0" branch="False" />
              </lines>
            </method>
            <method name="get_EndLine" signature="()" line-rate="0" branch-rate="1" complexity="1">
              <lines>
                <line number="25" hits="0" branch="False" />
              </lines>
            </method>
            <method name="get_EndColumn" signature="()" line-rate="0" branch-rate="1" complexity="1">
              <lines>
                <line number="26" hits="0" branch="False" />
              </lines>
            </method>
            <method name="get_Documentation" signature="()" line-rate="0" branch-rate="1" complexity="1">
              <lines>
                <line number="27" hits="0" branch="False" />
              </lines>
            </method>
            <method name="get_Attributes" signature="()" line-rate="0" branch-rate="1" complexity="1">
              <lines>
                <line number="28" hits="0" branch="False" />
              </lines>
            </method>
            <method name="get_References" signature="()" line-rate="0" branch-rate="1" complexity="1">
              <lines>
                <line number="29" hits="0" branch="False" />
              </lines>
            </method>
          </methods>
          <lines>
            <line number="10" hits="0" branch="False" />
            <line number="11" hits="0" branch="False" />
            <line number="12" hits="0" branch="False" />
            <line number="13" hits="0" branch="False" />
            <line number="14" hits="0" branch="False" />
            <line number="15" hits="0" branch="False" />
            <line number="16" hits="0" branch="False" />
            <line number="17" hits="0" branch="False" />
            <line number="18" hits="0" branch="False" />
            <line number="19" hits="0" branch="False" />
            <line number="20" hits="0" branch="False" />
            <line number="21" hits="0" branch="False" />
            <line number="22" hits="0" branch="False" />
            <line number="23" hits="0" branch="False" />
            <line number="24" hits="0" branch="False" />
            <line number="25" hits="0" branch="False" />
            <line number="26" hits="0" branch="False" />
            <line number="27" hits="0" branch="False" />
            <line number="28" hits="0" branch="False" />
            <line number="29" hits="0" branch="False" />
          </lines>
        </class>
        <class name="MCP.Server.Models.ReferenceLocation" filename="Models/SymbolInfo.cs" line-rate="0" branch-rate="1" complexity="7">
          <methods>
            <method name="get_FilePath" signature="()" line-rate="0" branch-rate="1" complexity="1">
              <lines>
                <line number="37" hits="0" branch="False" />
              </lines>
            </method>
            <method name="get_StartLine" signature="()" line-rate="0" branch-rate="1" complexity="1">
              <lines>
                <line number="38" hits="0" branch="False" />
              </lines>
            </method>
            <method name="get_StartColumn" signature="()" line-rate="0" branch-rate="1" complexity="1">
              <lines>
                <line number="39" hits="0" branch="False" />
              </lines>
            </method>
            <method name="get_EndLine" signature="()" line-rate="0" branch-rate="1" complexity="1">
              <lines>
                <line number="40" hits="0" branch="False" />
              </lines>
            </method>
            <method name="get_EndColumn" signature="()" line-rate="0" branch-rate="1" complexity="1">
              <lines>
                <line number="41" hits="0" branch="False" />
              </lines>
            </method>
            <method name="get_Context" signature="()" line-rate="0" branch-rate="1" complexity="1">
              <lines>
                <line number="42" hits="0" branch="False" />
              </lines>
            </method>
            <method name="get_IsDefinition" signature="()" line-rate="0" branch-rate="1" complexity="1">
              <lines>
                <line number="43" hits="0" branch="False" />
              </lines>
            </method>
          </methods>
          <lines>
            <line number="37" hits="0" branch="False" />
            <line number="38" hits="0" branch="False" />
            <line number="39" hits="0" branch="False" />
            <line number="40" hits="0" branch="False" />
            <line number="41" hits="0" branch="False" />
            <line number="42" hits="0" branch="False" />
            <line number="43" hits="0" branch="False" />
          </lines>
        </class>
      </classes>
    </package>
  </packages>
</coverage>